<?xml version="1.0" encoding="UTF-8"?>
<!-- Generated by org.testng.reporters.JUnitXMLReporter -->
<testsuite ignored="0" hostname="DESKTOP-E17TE2U" failures="0" tests="1" name="TestFirefox" time="0.34" errors="0" timestamp="2022-07-05T09:04:18 IST">
  <testcase classname="NewKiteTest.CrossBrowserKiteTestValidateUN" name="@BeforeClass launchBrowser" time="-1.656992057215E9">
    <failure type="org.testng.TestNGException" message="
Parameter &amp;apos;Browsername&amp;apos; is required by BeforeClass on method launchBrowser but has not been marked @Optional or defined
in C:\Users\HP\eclipse-workspace\seleniumStudy\CBParalleltestng.xml">
      <![CDATA[org.testng.TestNGException: 
Parameter 'Browsername' is required by BeforeClass on method launchBrowser but has not been marked @Optional or defined
in C:\Users\HP\eclipse-workspace\seleniumStudy\CBParalleltestng.xml
at java.base/java.util.ArrayList.forEach(ArrayList.java:1541)
at java.base/java.util.concurrent.FutureTask.run(FutureTask.java:264)
at java.base/java.util.concurrent.ThreadPoolExecutor.runWorker(ThreadPoolExecutor.java:1128)
at java.base/java.util.concurrent.ThreadPoolExecutor$Worker.run(ThreadPoolExecutor.java:628)
at java.base/java.lang.Thread.run(Thread.java:834)
... Removed 13 stack frames]]>
    </failure>
  </testcase> <!-- @BeforeClass launchBrowser -->
  <testcase classname="NewKiteTest.CrossBrowserKiteTestValidateUN" name="@BeforeClass launchBrowser" time="-1.656992057215E9">
    <failure type="org.testng.TestNGException" message="
Parameter &amp;apos;Browsername&amp;apos; is required by BeforeClass on method launchBrowser but has not been marked @Optional or defined
in C:\Users\HP\eclipse-workspace\seleniumStudy\CBParalleltestng.xml">
      <![CDATA[org.testng.TestNGException: 
Parameter 'Browsername' is required by BeforeClass on method launchBrowser but has not been marked @Optional or defined
in C:\Users\HP\eclipse-workspace\seleniumStudy\CBParalleltestng.xml
at java.base/java.util.ArrayList.forEach(ArrayList.java:1541)
at java.base/java.util.concurrent.FutureTask.run(FutureTask.java:264)
at java.base/java.util.concurrent.ThreadPoolExecutor.runWorker(ThreadPoolExecutor.java:1128)
at java.base/java.util.concurrent.ThreadPoolExecutor$Worker.run(ThreadPoolExecutor.java:628)
at java.base/java.lang.Thread.run(Thread.java:834)
... Removed 13 stack frames]]>
    </failure>
  </testcase> <!-- @BeforeClass launchBrowser -->
  <testcase classname="NewKiteTest.CrossBrowserKiteTestValidateUN" name="@BeforeMethod loginToKiteApp" time="-1.656992057287E9">
    <skipped/>
  </testcase> <!-- @BeforeMethod loginToKiteApp -->
  <testcase classname="NewKiteTest.CrossBrowserKiteTestValidateUN" name="@BeforeMethod loginToKiteApp" time="-1.656992057287E9">
    <skipped/>
  </testcase> <!-- @BeforeMethod loginToKiteApp -->
  <testcase classname="NewKiteTest.CrossBrowserKiteTestValidateUN" name="@AfterMethod logOutFromKite" time="-1.656992057312E9">
    <skipped/>
  </testcase> <!-- @AfterMethod logOutFromKite -->
  <testcase classname="NewKiteTest.CrossBrowserKiteTestValidateUN" name="@AfterMethod logOutFromKite" time="-1.656992057313E9">
    <skipped/>
  </testcase> <!-- @AfterMethod logOutFromKite -->
  <testcase classname="NewKiteTest.CrossBrowserKiteTestValidateUN" name="@AfterClass closeBrowser" time="-1.656992057319E9">
    <skipped/>
  </testcase> <!-- @AfterClass closeBrowser -->
  <testcase classname="NewKiteTest.CrossBrowserKiteTestValidateUN" name="@AfterClass closeBrowser" time="-1.656992057319E9">
    <skipped/>
  </testcase> <!-- @AfterClass closeBrowser -->
  <testcase classname="NewKiteTest.CrossBrowserKiteTestValidateUN" name="validateUserID" time="0.0">
    <skipped/>
  </testcase> <!-- validateUserID -->
</testsuite> <!-- TestFirefox -->
